The system is: Linux - 4.19.115-v8-748d8384cef4-p4-bis+ - aarch64
Compiling the CXX compiler identification source file "CMakeCXXCompilerId.cpp" succeeded.
Compiler: /usr/bin/c++ 
Build flags: 
Id flags:  

The output was:
0


Compilation of the CXX compiler identification source "CMakeCXXCompilerId.cpp" produced "a.out"

The CXX compiler identification is GNU, found in "/home/ucc1/Proyecto/build/CMakeFiles/3.17.2/CompilerIdCXX/a.out"

Checking whether the ASM compiler is GNU using "--version" matched "(GNU assembler)|(GCC)|(Free Software Foundation)":
c++ (Gentoo 10.1.0 p1) 10.1.0
Copyright (C) 2020 Free Software Foundation, Inc.
This is free software; see the source for copying conditions.  There is NO
warranty; not even for MERCHANTABILITY or FITNESS FOR A PARTICULAR PURPOSE.

Determining if the CXX compiler works passed with the following output:
Change Dir: /home/ucc1/Proyecto/build/CMakeFiles/CMakeTmp

Run Build Command(s):/usr/bin/gmake cmTC_6b64d/fast && /usr/bin/gmake  -f CMakeFiles/cmTC_6b64d.dir/build.make CMakeFiles/cmTC_6b64d.dir/build
gmake[1]: Entering directory '/home/ucc1/Proyecto/build/CMakeFiles/CMakeTmp'
Building CXX object CMakeFiles/cmTC_6b64d.dir/testCXXCompiler.cxx.o
/usr/bin/c++     -o CMakeFiles/cmTC_6b64d.dir/testCXXCompiler.cxx.o -c /home/ucc1/Proyecto/build/CMakeFiles/CMakeTmp/testCXXCompiler.cxx
Linking CXX executable cmTC_6b64d
/usr/bin/cmake -E cmake_link_script CMakeFiles/cmTC_6b64d.dir/link.txt --verbose=1
/usr/bin/c++       CMakeFiles/cmTC_6b64d.dir/testCXXCompiler.cxx.o  -o cmTC_6b64d 
gmake[1]: Leaving directory '/home/ucc1/Proyecto/build/CMakeFiles/CMakeTmp'



Detecting CXX compiler ABI info compiled with the following output:
Change Dir: /home/ucc1/Proyecto/build/CMakeFiles/CMakeTmp

Run Build Command(s):/usr/bin/gmake cmTC_ef177/fast && /usr/bin/gmake  -f CMakeFiles/cmTC_ef177.dir/build.make CMakeFiles/cmTC_ef177.dir/build
gmake[1]: Entering directory '/home/ucc1/Proyecto/build/CMakeFiles/CMakeTmp'
Building CXX object CMakeFiles/cmTC_ef177.dir/CMakeCXXCompilerABI.cpp.o
/usr/bin/c++    -v -o CMakeFiles/cmTC_ef177.dir/CMakeCXXCompilerABI.cpp.o -c /usr/share/cmake/Modules/CMakeCXXCompilerABI.cpp
Using built-in specs.
COLLECT_GCC=/usr/bin/c++
Target: aarch64-unknown-linux-gnu
Configured with: /var/tmp/portage/sys-devel/gcc-10.1.0/work/gcc-10.1.0/configure --host=aarch64-unknown-linux-gnu --build=aarch64-unknown-linux-gnu --prefix=/usr --bindir=/usr/aarch64-unknown-linux-gnu/gcc-bin/10.1.0 --includedir=/usr/lib/gcc/aarch64-unknown-linux-gnu/10.1.0/include --datadir=/usr/share/gcc-data/aarch64-unknown-linux-gnu/10.1.0 --mandir=/usr/share/gcc-data/aarch64-unknown-linux-gnu/10.1.0/man --infodir=/usr/share/gcc-data/aarch64-unknown-linux-gnu/10.1.0/info --with-gxx-include-dir=/usr/lib/gcc/aarch64-unknown-linux-gnu/10.1.0/include/g++-v10 --with-python-dir=/share/gcc-data/aarch64-unknown-linux-gnu/10.1.0/python --enable-languages=c,c++,fortran --enable-obsolete --enable-secureplt --disable-werror --with-system-zlib --enable-nls --without-included-gettext --enable-checking=release --with-bugurl=https://bugs.gentoo.org/ --with-pkgversion='Gentoo 10.1.0 p1' --disable-esp --enable-libstdcxx-time --enable-shared --enable-threads=posix --enable-__cxa_atexit --enable-clocale=gnu --disable-multilib --disable-altivec --disable-fixed-point --enable-libgomp --disable-libmudflap --disable-libssp --disable-libada --disable-systemtap --enable-vtable-verify --without-zstd --enable-lto --without-isl --disable-libsanitizer --enable-default-pie --enable-default-ssp
Thread model: posix
Supported LTO compression algorithms: zlib
gcc version 10.1.0 (Gentoo 10.1.0 p1) 
COLLECT_GCC_OPTIONS='-v' '-o' 'CMakeFiles/cmTC_ef177.dir/CMakeCXXCompilerABI.cpp.o' '-c' '-shared-libgcc' '-mlittle-endian' '-mabi=lp64'
 /usr/libexec/gcc/aarch64-unknown-linux-gnu/10.1.0/cc1plus -quiet -v -D_GNU_SOURCE /usr/share/cmake/Modules/CMakeCXXCompilerABI.cpp -quiet -dumpbase CMakeCXXCompilerABI.cpp -mlittle-endian -mabi=lp64 -auxbase-strip CMakeFiles/cmTC_ef177.dir/CMakeCXXCompilerABI.cpp.o -version -o /tmp/ccTeiygJ.s
GNU C++14 (Gentoo 10.1.0 p1) version 10.1.0 (aarch64-unknown-linux-gnu)
	compiled by GNU C version 10.1.0, GMP version 6.2.0, MPFR version 4.0.2, MPC version 1.1.0, isl version none
GGC heuristics: --param ggc-min-expand=100 --param ggc-min-heapsize=131072
ignoring nonexistent directory "/usr/local/include"
ignoring nonexistent directory "/usr/lib/gcc/aarch64-unknown-linux-gnu/10.1.0/../../../../aarch64-unknown-linux-gnu/include"
#include "..." search starts here:
#include <...> search starts here:
 /usr/lib/gcc/aarch64-unknown-linux-gnu/10.1.0/include/g++-v10
 /usr/lib/gcc/aarch64-unknown-linux-gnu/10.1.0/include/g++-v10/aarch64-unknown-linux-gnu
 /usr/lib/gcc/aarch64-unknown-linux-gnu/10.1.0/include/g++-v10/backward
 /usr/lib/gcc/aarch64-unknown-linux-gnu/10.1.0/include
 /usr/lib/gcc/aarch64-unknown-linux-gnu/10.1.0/include-fixed
 /usr/include
End of search list.
GNU C++14 (Gentoo 10.1.0 p1) version 10.1.0 (aarch64-unknown-linux-gnu)
	compiled by GNU C version 10.1.0, GMP version 6.2.0, MPFR version 4.0.2, MPC version 1.1.0, isl version none
GGC heuristics: --param ggc-min-expand=100 --param ggc-min-heapsize=131072
Compiler executable checksum: 9570130052fa6235cc42f6e2275ba5e2
COLLECT_GCC_OPTIONS='-v' '-o' 'CMakeFiles/cmTC_ef177.dir/CMakeCXXCompilerABI.cpp.o' '-c' '-shared-libgcc' '-mlittle-endian' '-mabi=lp64'
 /usr/lib/gcc/aarch64-unknown-linux-gnu/10.1.0/../../../../aarch64-unknown-linux-gnu/bin/as -v -EL -mabi=lp64 -o CMakeFiles/cmTC_ef177.dir/CMakeCXXCompilerABI.cpp.o /tmp/ccTeiygJ.s
GNU assembler version 2.34.0 (aarch64-unknown-linux-gnu) using BFD version (Gentoo 2.34 p1) 2.34.0
COMPILER_PATH=/usr/libexec/gcc/aarch64-unknown-linux-gnu/10.1.0/:/usr/libexec/gcc/aarch64-unknown-linux-gnu/10.1.0/:/usr/libexec/gcc/aarch64-unknown-linux-gnu/:/usr/lib/gcc/aarch64-unknown-linux-gnu/10.1.0/:/usr/lib/gcc/aarch64-unknown-linux-gnu/:/usr/lib/gcc/aarch64-unknown-linux-gnu/10.1.0/../../../../aarch64-unknown-linux-gnu/bin/
LIBRARY_PATH=/usr/lib/gcc/aarch64-unknown-linux-gnu/10.1.0/:/usr/lib/gcc/aarch64-unknown-linux-gnu/10.1.0/../../../../lib64/:/lib/../lib64/:/usr/lib/../lib64/:/usr/lib/gcc/aarch64-unknown-linux-gnu/10.1.0/../../../../aarch64-unknown-linux-gnu/lib/:/usr/lib/gcc/aarch64-unknown-linux-gnu/10.1.0/../../../:/lib/:/usr/lib/
COLLECT_GCC_OPTIONS='-v' '-o' 'CMakeFiles/cmTC_ef177.dir/CMakeCXXCompilerABI.cpp.o' '-c' '-shared-libgcc' '-mlittle-endian' '-mabi=lp64'
Linking CXX executable cmTC_ef177
/usr/bin/cmake -E cmake_link_script CMakeFiles/cmTC_ef177.dir/link.txt --verbose=1
/usr/bin/c++      -v CMakeFiles/cmTC_ef177.dir/CMakeCXXCompilerABI.cpp.o  -o cmTC_ef177 
Using built-in specs.
COLLECT_GCC=/usr/bin/c++
COLLECT_LTO_WRAPPER=/usr/libexec/gcc/aarch64-unknown-linux-gnu/10.1.0/lto-wrapper
Target: aarch64-unknown-linux-gnu
Configured with: /var/tmp/portage/sys-devel/gcc-10.1.0/work/gcc-10.1.0/configure --host=aarch64-unknown-linux-gnu --build=aarch64-unknown-linux-gnu --prefix=/usr --bindir=/usr/aarch64-unknown-linux-gnu/gcc-bin/10.1.0 --includedir=/usr/lib/gcc/aarch64-unknown-linux-gnu/10.1.0/include --datadir=/usr/share/gcc-data/aarch64-unknown-linux-gnu/10.1.0 --mandir=/usr/share/gcc-data/aarch64-unknown-linux-gnu/10.1.0/man --infodir=/usr/share/gcc-data/aarch64-unknown-linux-gnu/10.1.0/info --with-gxx-include-dir=/usr/lib/gcc/aarch64-unknown-linux-gnu/10.1.0/include/g++-v10 --with-python-dir=/share/gcc-data/aarch64-unknown-linux-gnu/10.1.0/python --enable-languages=c,c++,fortran --enable-obsolete --enable-secureplt --disable-werror --with-system-zlib --enable-nls --without-included-gettext --enable-checking=release --with-bugurl=https://bugs.gentoo.org/ --with-pkgversion='Gentoo 10.1.0 p1' --disable-esp --enable-libstdcxx-time --enable-shared --enable-threads=posix --enable-__cxa_atexit --enable-clocale=gnu --disable-multilib --disable-altivec --disable-fixed-point --enable-libgomp --disable-libmudflap --disable-libssp --disable-libada --disable-systemtap --enable-vtable-verify --without-zstd --enable-lto --without-isl --disable-libsanitizer --enable-default-pie --enable-default-ssp
Thread model: posix
Supported LTO compression algorithms: zlib
gcc version 10.1.0 (Gentoo 10.1.0 p1) 
COMPILER_PATH=/usr/libexec/gcc/aarch64-unknown-linux-gnu/10.1.0/:/usr/libexec/gcc/aarch64-unknown-linux-gnu/10.1.0/:/usr/libexec/gcc/aarch64-unknown-linux-gnu/:/usr/lib/gcc/aarch64-unknown-linux-gnu/10.1.0/:/usr/lib/gcc/aarch64-unknown-linux-gnu/:/usr/lib/gcc/aarch64-unknown-linux-gnu/10.1.0/../../../../aarch64-unknown-linux-gnu/bin/
LIBRARY_PATH=/usr/lib/gcc/aarch64-unknown-linux-gnu/10.1.0/:/usr/lib/gcc/aarch64-unknown-linux-gnu/10.1.0/../../../../lib64/:/lib/../lib64/:/usr/lib/../lib64/:/usr/lib/gcc/aarch64-unknown-linux-gnu/10.1.0/../../../../aarch64-unknown-linux-gnu/lib/:/usr/lib/gcc/aarch64-unknown-linux-gnu/10.1.0/../../../:/lib/:/usr/lib/
COLLECT_GCC_OPTIONS='-v' '-o' 'cmTC_ef177' '-shared-libgcc' '-mlittle-endian' '-mabi=lp64'
 /usr/libexec/gcc/aarch64-unknown-linux-gnu/10.1.0/collect2 -plugin /usr/libexec/gcc/aarch64-unknown-linux-gnu/10.1.0/liblto_plugin.so -plugin-opt=/usr/libexec/gcc/aarch64-unknown-linux-gnu/10.1.0/lto-wrapper -plugin-opt=-fresolution=/tmp/ccOKXMC5.res -plugin-opt=-pass-through=-lgcc_s -plugin-opt=-pass-through=-lgcc -plugin-opt=-pass-through=-lc -plugin-opt=-pass-through=-lgcc_s -plugin-opt=-pass-through=-lgcc --eh-frame-hdr -dynamic-linker /lib/ld-linux-aarch64.so.1 -X -EL -maarch64linux -pie -o cmTC_ef177 /usr/lib/gcc/aarch64-unknown-linux-gnu/10.1.0/../../../../lib64/Scrt1.o /usr/lib/gcc/aarch64-unknown-linux-gnu/10.1.0/../../../../lib64/crti.o /usr/lib/gcc/aarch64-unknown-linux-gnu/10.1.0/crtbeginS.o -L/usr/lib/gcc/aarch64-unknown-linux-gnu/10.1.0 -L/usr/lib/gcc/aarch64-unknown-linux-gnu/10.1.0/../../../../lib64 -L/lib/../lib64 -L/usr/lib/../lib64 -L/usr/lib/gcc/aarch64-unknown-linux-gnu/10.1.0/../../../../aarch64-unknown-linux-gnu/lib -L/usr/lib/gcc/aarch64-unknown-linux-gnu/10.1.0/../../.. CMakeFiles/cmTC_ef177.dir/CMakeCXXCompilerABI.cpp.o -lstdc++ -lm -lgcc_s -lgcc -lc -lgcc_s -lgcc /usr/lib/gcc/aarch64-unknown-linux-gnu/10.1.0/crtendS.o /usr/lib/gcc/aarch64-unknown-linux-gnu/10.1.0/../../../../lib64/crtn.o
COLLECT_GCC_OPTIONS='-v' '-o' 'cmTC_ef177' '-shared-libgcc' '-mlittle-endian' '-mabi=lp64'
gmake[1]: Leaving directory '/home/ucc1/Proyecto/build/CMakeFiles/CMakeTmp'



Parsed CXX implicit include dir info from above output: rv=done
  found start of include info
  found start of implicit include info
    add: [/usr/lib/gcc/aarch64-unknown-linux-gnu/10.1.0/include/g++-v10]
    add: [/usr/lib/gcc/aarch64-unknown-linux-gnu/10.1.0/include/g++-v10/aarch64-unknown-linux-gnu]
    add: [/usr/lib/gcc/aarch64-unknown-linux-gnu/10.1.0/include/g++-v10/backward]
    add: [/usr/lib/gcc/aarch64-unknown-linux-gnu/10.1.0/include]
    add: [/usr/lib/gcc/aarch64-unknown-linux-gnu/10.1.0/include-fixed]
    add: [/usr/include]
  end of search list found
  collapse include dir [/usr/lib/gcc/aarch64-unknown-linux-gnu/10.1.0/include/g++-v10] ==> [/usr/lib/gcc/aarch64-unknown-linux-gnu/10.1.0/include/g++-v10]
  collapse include dir [/usr/lib/gcc/aarch64-unknown-linux-gnu/10.1.0/include/g++-v10/aarch64-unknown-linux-gnu] ==> [/usr/lib/gcc/aarch64-unknown-linux-gnu/10.1.0/include/g++-v10/aarch64-unknown-linux-gnu]
  collapse include dir [/usr/lib/gcc/aarch64-unknown-linux-gnu/10.1.0/include/g++-v10/backward] ==> [/usr/lib/gcc/aarch64-unknown-linux-gnu/10.1.0/include/g++-v10/backward]
  collapse include dir [/usr/lib/gcc/aarch64-unknown-linux-gnu/10.1.0/include] ==> [/usr/lib/gcc/aarch64-unknown-linux-gnu/10.1.0/include]
  collapse include dir [/usr/lib/gcc/aarch64-unknown-linux-gnu/10.1.0/include-fixed] ==> [/usr/lib/gcc/aarch64-unknown-linux-gnu/10.1.0/include-fixed]
  collapse include dir [/usr/include] ==> [/usr/include]
  implicit include dirs: [/usr/lib/gcc/aarch64-unknown-linux-gnu/10.1.0/include/g++-v10;/usr/lib/gcc/aarch64-unknown-linux-gnu/10.1.0/include/g++-v10/aarch64-unknown-linux-gnu;/usr/lib/gcc/aarch64-unknown-linux-gnu/10.1.0/include/g++-v10/backward;/usr/lib/gcc/aarch64-unknown-linux-gnu/10.1.0/include;/usr/lib/gcc/aarch64-unknown-linux-gnu/10.1.0/include-fixed;/usr/include]


Parsed CXX implicit link information from above output:
  link line regex: [^( *|.*[/\])(ld|CMAKE_LINK_STARTFILE-NOTFOUND|([^/\]+-)?ld|collect2)[^/\]*( |$)]
  ignore line: [Change Dir: /home/ucc1/Proyecto/build/CMakeFiles/CMakeTmp]
  ignore line: []
  ignore line: [Run Build Command(s):/usr/bin/gmake cmTC_ef177/fast && /usr/bin/gmake  -f CMakeFiles/cmTC_ef177.dir/build.make CMakeFiles/cmTC_ef177.dir/build]
  ignore line: [gmake[1]: Entering directory '/home/ucc1/Proyecto/build/CMakeFiles/CMakeTmp']
  ignore line: [Building CXX object CMakeFiles/cmTC_ef177.dir/CMakeCXXCompilerABI.cpp.o]
  ignore line: [/usr/bin/c++    -v -o CMakeFiles/cmTC_ef177.dir/CMakeCXXCompilerABI.cpp.o -c /usr/share/cmake/Modules/CMakeCXXCompilerABI.cpp]
  ignore line: [Using built-in specs.]
  ignore line: [COLLECT_GCC=/usr/bin/c++]
  ignore line: [Target: aarch64-unknown-linux-gnu]
  ignore line: [Configured with: /var/tmp/portage/sys-devel/gcc-10.1.0/work/gcc-10.1.0/configure --host=aarch64-unknown-linux-gnu --build=aarch64-unknown-linux-gnu --prefix=/usr --bindir=/usr/aarch64-unknown-linux-gnu/gcc-bin/10.1.0 --includedir=/usr/lib/gcc/aarch64-unknown-linux-gnu/10.1.0/include --datadir=/usr/share/gcc-data/aarch64-unknown-linux-gnu/10.1.0 --mandir=/usr/share/gcc-data/aarch64-unknown-linux-gnu/10.1.0/man --infodir=/usr/share/gcc-data/aarch64-unknown-linux-gnu/10.1.0/info --with-gxx-include-dir=/usr/lib/gcc/aarch64-unknown-linux-gnu/10.1.0/include/g++-v10 --with-python-dir=/share/gcc-data/aarch64-unknown-linux-gnu/10.1.0/python --enable-languages=c c++ fortran --enable-obsolete --enable-secureplt --disable-werror --with-system-zlib --enable-nls --without-included-gettext --enable-checking=release --with-bugurl=https://bugs.gentoo.org/ --with-pkgversion='Gentoo 10.1.0 p1' --disable-esp --enable-libstdcxx-time --enable-shared --enable-threads=posix --enable-__cxa_atexit --enable-clocale=gnu --disable-multilib --disable-altivec --disable-fixed-point --enable-libgomp --disable-libmudflap --disable-libssp --disable-libada --disable-systemtap --enable-vtable-verify --without-zstd --enable-lto --without-isl --disable-libsanitizer --enable-default-pie --enable-default-ssp]
  ignore line: [Thread model: posix]
  ignore line: [Supported LTO compression algorithms: zlib]
  ignore line: [gcc version 10.1.0 (Gentoo 10.1.0 p1) ]
  ignore line: [COLLECT_GCC_OPTIONS='-v' '-o' 'CMakeFiles/cmTC_ef177.dir/CMakeCXXCompilerABI.cpp.o' '-c' '-shared-libgcc' '-mlittle-endian' '-mabi=lp64']
  ignore line: [ /usr/libexec/gcc/aarch64-unknown-linux-gnu/10.1.0/cc1plus -quiet -v -D_GNU_SOURCE /usr/share/cmake/Modules/CMakeCXXCompilerABI.cpp -quiet -dumpbase CMakeCXXCompilerABI.cpp -mlittle-endian -mabi=lp64 -auxbase-strip CMakeFiles/cmTC_ef177.dir/CMakeCXXCompilerABI.cpp.o -version -o /tmp/ccTeiygJ.s]
  ignore line: [GNU C++14 (Gentoo 10.1.0 p1) version 10.1.0 (aarch64-unknown-linux-gnu)]
  ignore line: [	compiled by GNU C version 10.1.0  GMP version 6.2.0  MPFR version 4.0.2  MPC version 1.1.0  isl version none]
  ignore line: [GGC heuristics: --param ggc-min-expand=100 --param ggc-min-heapsize=131072]
  ignore line: [ignoring nonexistent directory "/usr/local/include"]
  ignore line: [ignoring nonexistent directory "/usr/lib/gcc/aarch64-unknown-linux-gnu/10.1.0/../../../../aarch64-unknown-linux-gnu/include"]
  ignore line: [#include "..." search starts here:]
  ignore line: [#include <...> search starts here:]
  ignore line: [ /usr/lib/gcc/aarch64-unknown-linux-gnu/10.1.0/include/g++-v10]
  ignore line: [ /usr/lib/gcc/aarch64-unknown-linux-gnu/10.1.0/include/g++-v10/aarch64-unknown-linux-gnu]
  ignore line: [ /usr/lib/gcc/aarch64-unknown-linux-gnu/10.1.0/include/g++-v10/backward]
  ignore line: [ /usr/lib/gcc/aarch64-unknown-linux-gnu/10.1.0/include]
  ignore line: [ /usr/lib/gcc/aarch64-unknown-linux-gnu/10.1.0/include-fixed]
  ignore line: [ /usr/include]
  ignore line: [End of search list.]
  ignore line: [GNU C++14 (Gentoo 10.1.0 p1) version 10.1.0 (aarch64-unknown-linux-gnu)]
  ignore line: [	compiled by GNU C version 10.1.0  GMP version 6.2.0  MPFR version 4.0.2  MPC version 1.1.0  isl version none]
  ignore line: [GGC heuristics: --param ggc-min-expand=100 --param ggc-min-heapsize=131072]
  ignore line: [Compiler executable checksum: 9570130052fa6235cc42f6e2275ba5e2]
  ignore line: [COLLECT_GCC_OPTIONS='-v' '-o' 'CMakeFiles/cmTC_ef177.dir/CMakeCXXCompilerABI.cpp.o' '-c' '-shared-libgcc' '-mlittle-endian' '-mabi=lp64']
  ignore line: [ /usr/lib/gcc/aarch64-unknown-linux-gnu/10.1.0/../../../../aarch64-unknown-linux-gnu/bin/as -v -EL -mabi=lp64 -o CMakeFiles/cmTC_ef177.dir/CMakeCXXCompilerABI.cpp.o /tmp/ccTeiygJ.s]
  ignore line: [GNU assembler version 2.34.0 (aarch64-unknown-linux-gnu) using BFD version (Gentoo 2.34 p1) 2.34.0]
  ignore line: [COMPILER_PATH=/usr/libexec/gcc/aarch64-unknown-linux-gnu/10.1.0/:/usr/libexec/gcc/aarch64-unknown-linux-gnu/10.1.0/:/usr/libexec/gcc/aarch64-unknown-linux-gnu/:/usr/lib/gcc/aarch64-unknown-linux-gnu/10.1.0/:/usr/lib/gcc/aarch64-unknown-linux-gnu/:/usr/lib/gcc/aarch64-unknown-linux-gnu/10.1.0/../../../../aarch64-unknown-linux-gnu/bin/]
  ignore line: [LIBRARY_PATH=/usr/lib/gcc/aarch64-unknown-linux-gnu/10.1.0/:/usr/lib/gcc/aarch64-unknown-linux-gnu/10.1.0/../../../../lib64/:/lib/../lib64/:/usr/lib/../lib64/:/usr/lib/gcc/aarch64-unknown-linux-gnu/10.1.0/../../../../aarch64-unknown-linux-gnu/lib/:/usr/lib/gcc/aarch64-unknown-linux-gnu/10.1.0/../../../:/lib/:/usr/lib/]
  ignore line: [COLLECT_GCC_OPTIONS='-v' '-o' 'CMakeFiles/cmTC_ef177.dir/CMakeCXXCompilerABI.cpp.o' '-c' '-shared-libgcc' '-mlittle-endian' '-mabi=lp64']
  ignore line: [Linking CXX executable cmTC_ef177]
  ignore line: [/usr/bin/cmake -E cmake_link_script CMakeFiles/cmTC_ef177.dir/link.txt --verbose=1]
  ignore line: [/usr/bin/c++      -v CMakeFiles/cmTC_ef177.dir/CMakeCXXCompilerABI.cpp.o  -o cmTC_ef177 ]
  ignore line: [Using built-in specs.]
  ignore line: [COLLECT_GCC=/usr/bin/c++]
  ignore line: [COLLECT_LTO_WRAPPER=/usr/libexec/gcc/aarch64-unknown-linux-gnu/10.1.0/lto-wrapper]
  ignore line: [Target: aarch64-unknown-linux-gnu]
  ignore line: [Configured with: /var/tmp/portage/sys-devel/gcc-10.1.0/work/gcc-10.1.0/configure --host=aarch64-unknown-linux-gnu --build=aarch64-unknown-linux-gnu --prefix=/usr --bindir=/usr/aarch64-unknown-linux-gnu/gcc-bin/10.1.0 --includedir=/usr/lib/gcc/aarch64-unknown-linux-gnu/10.1.0/include --datadir=/usr/share/gcc-data/aarch64-unknown-linux-gnu/10.1.0 --mandir=/usr/share/gcc-data/aarch64-unknown-linux-gnu/10.1.0/man --infodir=/usr/share/gcc-data/aarch64-unknown-linux-gnu/10.1.0/info --with-gxx-include-dir=/usr/lib/gcc/aarch64-unknown-linux-gnu/10.1.0/include/g++-v10 --with-python-dir=/share/gcc-data/aarch64-unknown-linux-gnu/10.1.0/python --enable-languages=c c++ fortran --enable-obsolete --enable-secureplt --disable-werror --with-system-zlib --enable-nls --without-included-gettext --enable-checking=release --with-bugurl=https://bugs.gentoo.org/ --with-pkgversion='Gentoo 10.1.0 p1' --disable-esp --enable-libstdcxx-time --enable-shared --enable-threads=posix --enable-__cxa_atexit --enable-clocale=gnu --disable-multilib --disable-altivec --disable-fixed-point --enable-libgomp --disable-libmudflap --disable-libssp --disable-libada --disable-systemtap --enable-vtable-verify --without-zstd --enable-lto --without-isl --disable-libsanitizer --enable-default-pie --enable-default-ssp]
  ignore line: [Thread model: posix]
  ignore line: [Supported LTO compression algorithms: zlib]
  ignore line: [gcc version 10.1.0 (Gentoo 10.1.0 p1) ]
  ignore line: [COMPILER_PATH=/usr/libexec/gcc/aarch64-unknown-linux-gnu/10.1.0/:/usr/libexec/gcc/aarch64-unknown-linux-gnu/10.1.0/:/usr/libexec/gcc/aarch64-unknown-linux-gnu/:/usr/lib/gcc/aarch64-unknown-linux-gnu/10.1.0/:/usr/lib/gcc/aarch64-unknown-linux-gnu/:/usr/lib/gcc/aarch64-unknown-linux-gnu/10.1.0/../../../../aarch64-unknown-linux-gnu/bin/]
  ignore line: [LIBRARY_PATH=/usr/lib/gcc/aarch64-unknown-linux-gnu/10.1.0/:/usr/lib/gcc/aarch64-unknown-linux-gnu/10.1.0/../../../../lib64/:/lib/../lib64/:/usr/lib/../lib64/:/usr/lib/gcc/aarch64-unknown-linux-gnu/10.1.0/../../../../aarch64-unknown-linux-gnu/lib/:/usr/lib/gcc/aarch64-unknown-linux-gnu/10.1.0/../../../:/lib/:/usr/lib/]
  ignore line: [COLLECT_GCC_OPTIONS='-v' '-o' 'cmTC_ef177' '-shared-libgcc' '-mlittle-endian' '-mabi=lp64']
  link line: [ /usr/libexec/gcc/aarch64-unknown-linux-gnu/10.1.0/collect2 -plugin /usr/libexec/gcc/aarch64-unknown-linux-gnu/10.1.0/liblto_plugin.so -plugin-opt=/usr/libexec/gcc/aarch64-unknown-linux-gnu/10.1.0/lto-wrapper -plugin-opt=-fresolution=/tmp/ccOKXMC5.res -plugin-opt=-pass-through=-lgcc_s -plugin-opt=-pass-through=-lgcc -plugin-opt=-pass-through=-lc -plugin-opt=-pass-through=-lgcc_s -plugin-opt=-pass-through=-lgcc --eh-frame-hdr -dynamic-linker /lib/ld-linux-aarch64.so.1 -X -EL -maarch64linux -pie -o cmTC_ef177 /usr/lib/gcc/aarch64-unknown-linux-gnu/10.1.0/../../../../lib64/Scrt1.o /usr/lib/gcc/aarch64-unknown-linux-gnu/10.1.0/../../../../lib64/crti.o /usr/lib/gcc/aarch64-unknown-linux-gnu/10.1.0/crtbeginS.o -L/usr/lib/gcc/aarch64-unknown-linux-gnu/10.1.0 -L/usr/lib/gcc/aarch64-unknown-linux-gnu/10.1.0/../../../../lib64 -L/lib/../lib64 -L/usr/lib/../lib64 -L/usr/lib/gcc/aarch64-unknown-linux-gnu/10.1.0/../../../../aarch64-unknown-linux-gnu/lib -L/usr/lib/gcc/aarch64-unknown-linux-gnu/10.1.0/../../.. CMakeFiles/cmTC_ef177.dir/CMakeCXXCompilerABI.cpp.o -lstdc++ -lm -lgcc_s -lgcc -lc -lgcc_s -lgcc /usr/lib/gcc/aarch64-unknown-linux-gnu/10.1.0/crtendS.o /usr/lib/gcc/aarch64-unknown-linux-gnu/10.1.0/../../../../lib64/crtn.o]
    arg [/usr/libexec/gcc/aarch64-unknown-linux-gnu/10.1.0/collect2] ==> ignore
    arg [-plugin] ==> ignore
    arg [/usr/libexec/gcc/aarch64-unknown-linux-gnu/10.1.0/liblto_plugin.so] ==> ignore
    arg [-plugin-opt=/usr/libexec/gcc/aarch64-unknown-linux-gnu/10.1.0/lto-wrapper] ==> ignore
    arg [-plugin-opt=-fresolution=/tmp/ccOKXMC5.res] ==> ignore
    arg [-plugin-opt=-pass-through=-lgcc_s] ==> ignore
    arg [-plugin-opt=-pass-through=-lgcc] ==> ignore
    arg [-plugin-opt=-pass-through=-lc] ==> ignore
    arg [-plugin-opt=-pass-through=-lgcc_s] ==> ignore
    arg [-plugin-opt=-pass-through=-lgcc] ==> ignore
    arg [--eh-frame-hdr] ==> ignore
    arg [-dynamic-linker] ==> ignore
    arg [/lib/ld-linux-aarch64.so.1] ==> ignore
    arg [-X] ==> ignore
    arg [-EL] ==> ignore
    arg [-maarch64linux] ==> ignore
    arg [-pie] ==> ignore
    arg [-o] ==> ignore
    arg [cmTC_ef177] ==> ignore
    arg [/usr/lib/gcc/aarch64-unknown-linux-gnu/10.1.0/../../../../lib64/Scrt1.o] ==> ignore
    arg [/usr/lib/gcc/aarch64-unknown-linux-gnu/10.1.0/../../../../lib64/crti.o] ==> ignore
    arg [/usr/lib/gcc/aarch64-unknown-linux-gnu/10.1.0/crtbeginS.o] ==> ignore
    arg [-L/usr/lib/gcc/aarch64-unknown-linux-gnu/10.1.0] ==> dir [/usr/lib/gcc/aarch64-unknown-linux-gnu/10.1.0]
    arg [-L/usr/lib/gcc/aarch64-unknown-linux-gnu/10.1.0/../../../../lib64] ==> dir [/usr/lib/gcc/aarch64-unknown-linux-gnu/10.1.0/../../../../lib64]
    arg [-L/lib/../lib64] ==> dir [/lib/../lib64]
    arg [-L/usr/lib/../lib64] ==> dir [/usr/lib/../lib64]
    arg [-L/usr/lib/gcc/aarch64-unknown-linux-gnu/10.1.0/../../../../aarch64-unknown-linux-gnu/lib] ==> dir [/usr/lib/gcc/aarch64-unknown-linux-gnu/10.1.0/../../../../aarch64-unknown-linux-gnu/lib]
    arg [-L/usr/lib/gcc/aarch64-unknown-linux-gnu/10.1.0/../../..] ==> dir [/usr/lib/gcc/aarch64-unknown-linux-gnu/10.1.0/../../..]
    arg [CMakeFiles/cmTC_ef177.dir/CMakeCXXCompilerABI.cpp.o] ==> ignore
    arg [-lstdc++] ==> lib [stdc++]
    arg [-lm] ==> lib [m]
    arg [-lgcc_s] ==> lib [gcc_s]
    arg [-lgcc] ==> lib [gcc]
    arg [-lc] ==> lib [c]
    arg [-lgcc_s] ==> lib [gcc_s]
    arg [-lgcc] ==> lib [gcc]
    arg [/usr/lib/gcc/aarch64-unknown-linux-gnu/10.1.0/crtendS.o] ==> ignore
    arg [/usr/lib/gcc/aarch64-unknown-linux-gnu/10.1.0/../../../../lib64/crtn.o] ==> ignore
  collapse library dir [/usr/lib/gcc/aarch64-unknown-linux-gnu/10.1.0] ==> [/usr/lib/gcc/aarch64-unknown-linux-gnu/10.1.0]
  collapse library dir [/usr/lib/gcc/aarch64-unknown-linux-gnu/10.1.0/../../../../lib64] ==> [/usr/lib64]
  collapse library dir [/lib/../lib64] ==> [/lib64]
  collapse library dir [/usr/lib/../lib64] ==> [/usr/lib64]
  collapse library dir [/usr/lib/gcc/aarch64-unknown-linux-gnu/10.1.0/../../../../aarch64-unknown-linux-gnu/lib] ==> [/usr/aarch64-unknown-linux-gnu/lib]
  collapse library dir [/usr/lib/gcc/aarch64-unknown-linux-gnu/10.1.0/../../..] ==> [/usr/lib]
  implicit libs: [stdc++;m;gcc_s;gcc;c;gcc_s;gcc]
  implicit dirs: [/usr/lib/gcc/aarch64-unknown-linux-gnu/10.1.0;/usr/lib64;/lib64;/usr/aarch64-unknown-linux-gnu/lib;/usr/lib]
  implicit fwks: []


Determining if the include file pthread.h exists passed with the following output:
Change Dir: /home/ucc1/Proyecto/build/CMakeFiles/CMakeTmp

Run Build Command(s):/usr/bin/gmake cmTC_2bde4/fast && /usr/bin/gmake  -f CMakeFiles/cmTC_2bde4.dir/build.make CMakeFiles/cmTC_2bde4.dir/build
gmake[1]: Entering directory '/home/ucc1/Proyecto/build/CMakeFiles/CMakeTmp'
Building CXX object CMakeFiles/cmTC_2bde4.dir/CheckIncludeFile.cxx.o
/usr/bin/c++     -o CMakeFiles/cmTC_2bde4.dir/CheckIncludeFile.cxx.o -c /home/ucc1/Proyecto/build/CMakeFiles/CMakeTmp/CheckIncludeFile.cxx
Linking CXX executable cmTC_2bde4
/usr/bin/cmake -E cmake_link_script CMakeFiles/cmTC_2bde4.dir/link.txt --verbose=1
/usr/bin/c++       CMakeFiles/cmTC_2bde4.dir/CheckIncludeFile.cxx.o  -o cmTC_2bde4 
gmake[1]: Leaving directory '/home/ucc1/Proyecto/build/CMakeFiles/CMakeTmp'



Determining if the function pthread_create exists in the pthread passed with the following output:
Change Dir: /home/ucc1/Proyecto/build/CMakeFiles/CMakeTmp

Run Build Command(s):/usr/bin/gmake cmTC_4d8a7/fast && /usr/bin/gmake  -f CMakeFiles/cmTC_4d8a7.dir/build.make CMakeFiles/cmTC_4d8a7.dir/build
gmake[1]: Entering directory '/home/ucc1/Proyecto/build/CMakeFiles/CMakeTmp'
Building CXX object CMakeFiles/cmTC_4d8a7.dir/CheckFunctionExists.cxx.o
/usr/bin/c++    -DCHECK_FUNCTION_EXISTS=pthread_create   -o CMakeFiles/cmTC_4d8a7.dir/CheckFunctionExists.cxx.o -c /home/ucc1/Proyecto/build/CMakeFiles/CheckLibraryExists/CheckFunctionExists.cxx
Linking CXX executable cmTC_4d8a7
/usr/bin/cmake -E cmake_link_script CMakeFiles/cmTC_4d8a7.dir/link.txt --verbose=1
/usr/bin/c++   -DCHECK_FUNCTION_EXISTS=pthread_create    CMakeFiles/cmTC_4d8a7.dir/CheckFunctionExists.cxx.o  -o cmTC_4d8a7  -lpthread 
gmake[1]: Leaving directory '/home/ucc1/Proyecto/build/CMakeFiles/CMakeTmp'



